Crashlog created at 2015-05-28 21:22:12 +0100

===== MESSAGE:

Errno::EACCES: Permission denied - bind(2) for 0.0.0.0:80

===== COMPILATION STACK:

  (empty)

===== STACK TRACE:

  0. /home/debian/.rvm/rubies/ruby-2.2.0/lib/ruby/2.2.0/socket.rb:206:in `bind'
  1. /home/debian/.rvm/rubies/ruby-2.2.0/lib/ruby/2.2.0/socket.rb:206:in `listen'
  2. /home/debian/.rvm/rubies/ruby-2.2.0/lib/ruby/2.2.0/socket.rb:461:in `block in tcp_server_sockets'
  3. /home/debian/.rvm/rubies/ruby-2.2.0/lib/ruby/2.2.0/socket.rb:232:in `each'
  4. /home/debian/.rvm/rubies/ruby-2.2.0/lib/ruby/2.2.0/socket.rb:232:in `foreach'
  5. /home/debian/.rvm/rubies/ruby-2.2.0/lib/ruby/2.2.0/socket.rb:459:in `tcp_server_sockets'
  6. /home/debian/.rvm/rubies/ruby-2.2.0/lib/ruby/2.2.0/webrick/utils.rb:70:in `create_listeners'
  7. /home/debian/.rvm/rubies/ruby-2.2.0/lib/ruby/2.2.0/webrick/server.rb:133:in `listen'
  8. /home/debian/.rvm/rubies/ruby-2.2.0/lib/ruby/2.2.0/webrick/server.rb:114:in `initialize'
  9. /home/debian/.rvm/rubies/ruby-2.2.0/lib/ruby/2.2.0/webrick/httpserver.rb:45:in `initialize'
  10. /home/debian/.rvm/gems/ruby-2.2.0/gems/rack-1.5.2/lib/rack/handler/webrick.rb:11:in `new'
  11. /home/debian/.rvm/gems/ruby-2.2.0/gems/rack-1.5.2/lib/rack/handler/webrick.rb:11:in `run'
  12. /home/debian/.rvm/gems/ruby-2.2.0/gems/nanoc-3.6.7/lib/nanoc/cli/commands/view.rb:55:in `run'
  13. /home/debian/.rvm/gems/ruby-2.2.0/gems/nanoc-3.6.7/lib/nanoc/cli/command_runner.rb:14:in `block in call'
  14. /home/debian/.rvm/gems/ruby-2.2.0/gems/nanoc-3.6.7/lib/nanoc/cli/error_handler.rb:70:in `handle_while'
  15. /home/debian/.rvm/gems/ruby-2.2.0/gems/nanoc-3.6.7/lib/nanoc/cli/error_handler.rb:26:in `handle_while'
  16. /home/debian/.rvm/gems/ruby-2.2.0/gems/nanoc-3.6.7/lib/nanoc/cli/command_runner.rb:13:in `call'
  17. /home/debian/.rvm/gems/ruby-2.2.0/gems/cri-2.5.0/lib/cri/command_dsl.rb:185:in `block in runner'
  18. /home/debian/.rvm/gems/ruby-2.2.0/gems/cri-2.5.0/lib/cri/command.rb:298:in `call'
  19. /home/debian/.rvm/gems/ruby-2.2.0/gems/cri-2.5.0/lib/cri/command.rb:298:in `run_this'
  20. /home/debian/.rvm/gems/ruby-2.2.0/gems/cri-2.5.0/lib/cri/command.rb:251:in `run'
  21. /home/debian/.rvm/gems/ruby-2.2.0/gems/cri-2.5.0/lib/cri/command.rb:264:in `run'
  22. /home/debian/.rvm/gems/ruby-2.2.0/gems/nanoc-3.6.7/lib/nanoc/cli.rb:59:in `block in run'
  23. /home/debian/.rvm/gems/ruby-2.2.0/gems/nanoc-3.6.7/lib/nanoc/cli/error_handler.rb:70:in `handle_while'
  24. /home/debian/.rvm/gems/ruby-2.2.0/gems/nanoc-3.6.7/lib/nanoc/cli/error_handler.rb:26:in `handle_while'
  25. /home/debian/.rvm/gems/ruby-2.2.0/gems/nanoc-3.6.7/lib/nanoc/cli.rb:57:in `run'
  26. /home/debian/.rvm/gems/ruby-2.2.0/gems/nanoc-3.6.7/bin/nanoc:19:in `<top (required)>'
  27. /home/debian/.rvm/gems/ruby-2.2.0/bin/nanoc:23:in `load'
  28. /home/debian/.rvm/gems/ruby-2.2.0/bin/nanoc:23:in `<main>'
  29. /home/debian/.rvm/gems/ruby-2.2.0/bin/ruby_executable_hooks:15:in `eval'
  ... 32 more lines omitted. See full crash log for details.

===== VERSION INFORMATION:

nanoc 3.6.7 © 2007-2013 Denis Defreyne.
Running ruby 2.2.0 (2014-12-25) on x86_64-linux with RubyGems 2.4.6.

===== SYSTEM INFORMATION:

Linux asus 3.18.0-kali3-amd64 #1 SMP Debian 3.18.6-1~kali2 (2015-03-02) x86_64 GNU/Linux

===== INSTALLED GEMS:

  adsf 1.2.0
  builder 3.2.2
  bundler 1.7.2
  colored 1.2
  cri 2.5.0
  kgio 2.9.2
  nanoc 3.6.7
  rack 1.5.2
  raindrops 0.13.0
  unicorn 4.8.3
  xml-sitemap 1.3.3

===== ENVIRONMENT:

BUNDLE_BIN_PATH => "/home/debian/.rvm/gems/ruby-2.2.0/gems/bundler-1.7.2/bin/bundle"
BUNDLE_GEMFILE => "/home/debian/Projects/Static/nanoc/angelinux/Gemfile"
DBUS_SESSION_BUS_ADDRESS => "unix:abstract=/tmp/dbus-gyCtbNBNJr,guid=959bae789abe118c6a34ef6955677044"
DESKTOP_SESSION => "LXDE"
DISPLAY => ":0"
EC2_HOME => "/home/debian/.aws/ec2-api-tools-1.6.11.0"
GDMSESSION => "lightdm-xsession"
GEM_HOME => "/home/debian/.rvm/gems/ruby-2.2.0"
GEM_PATH => "/home/debian/.rvm/gems/ruby-2.2.0:/home/debian/.rvm/gems/ruby-2.2.0@global"
GNOME_KEYRING_CONTROL => "/home/debian/.cache/keyring-tvVQGc"
GNOME_KEYRING_PID => "3545"
HOME => "/home/debian"
IRBRC => "/home/debian/.rvm/rubies/ruby-2.2.0/.irbrc"
JAVA_HOME => "/usr/lib/jvm/java-7-openjdk-i386/jre/"
LANG => "en_IE.UTF-8"
LANGUAGE => "en_IE:en"
LOGNAME => "debian"
MANPATH => "/home/debian/.rvm/gems/ruby-2.2.0/gems/unicorn-4.8.3/man"
MY_RUBY_HOME => "/home/debian/.rvm/rubies/ruby-2.2.0"
OLDPWD => "/home/debian"
PATH => "/home/debian/.rvm/gems/ruby-2.2.0/bin:/home/debian/.rvm/gems/ruby-2.2.0@global/bin:/home/debian/.rvm/rubies/ruby-2.2.0/bin:/home/debian/.rvm/bin:/usr/local/bin:/usr/bin:/bin:/usr/bin/X11:/home/debian/.aws/ec2-api-tools-1.6.11.0/bin:/usr/lib/jvm/java-7-openjdk-i386/jre/bin"
PWD => "/home/debian/Projects/Static/nanoc/angelinux"
RUBYLIB => "/home/debian/.rvm/gems/ruby-2.2.0/gems/bundler-1.7.2/lib"
RUBYOPT => "-rbundler/setup"
RUBY_VERSION => "ruby-2.2.0"
SAL_USE_VCLPLUGIN => "gtk"
SHELL => "/bin/bash"
SHLVL => "1"
SSH_AGENT_PID => "3689"
SSH_AUTH_SOCK => "/tmp/ssh-tWr2VatHK0Jc/agent.3556"
TERM => "xterm"
USER => "debian"
XAUTHORITY => "/home/debian/.Xauthority"
XDG_CONFIG_HOME => "/home/debian/.config"
XDG_CURRENT_DESKTOP => "LXDE"
XDG_DATA_DIRS => "/usr/local/share/:/usr/share/:/usr/share/gdm/:/var/lib/menu-xdg/"
XDG_MENU_PREFIX => "lxde-"
XDG_SEAT_PATH => "/org/freedesktop/DisplayManager/Seat0"
XDG_SESSION_COOKIE => "9ae08d413a3427a63768773054f5a5ba-1432842306.918157-1903836077"
XDG_SESSION_PATH => "/org/freedesktop/DisplayManager/Session0"
_ => "/home/debian/.rvm/gems/ruby-2.2.0/bin/bundle"
_LXSESSION_PID => "3556"
_ORIGINAL_GEM_PATH => "/home/debian/.rvm/gems/ruby-2.2.0:/home/debian/.rvm/gems/ruby-2.2.0@global"
_system_arch => "x86_64"
_system_name => "Debian"
_system_type => "Linux"
_system_version => "Kali_Linux_1"
rvm_bin_path => "/home/debian/.rvm/bin"
rvm_create_flag => "1"
rvm_delete_flag => "0"
rvm_path => "/home/debian/.rvm"
rvm_prefix => "/home/debian"
rvm_ruby_string => "ruby-2.2.0"
rvm_rubygems_path => "/home/debian/.rvm/rubygems"
rvm_version => "1.26.10 (latest)"

===== GEMFILE.LOCK:

GEM
  remote: https://rubygems.org/
  specs:
    adsf (1.2.0)
      rack (>= 1.0.0)
    builder (3.2.2)
    colored (1.2)
    cri (2.5.0)
      colored (~> 1.2)
    kgio (2.9.2)
    nanoc (3.6.7)
      cri (~> 2.3)
    rack (1.5.2)
    raindrops (0.13.0)
    unicorn (4.8.3)
      kgio (~> 2.6)
      rack
      raindrops (~> 0.7)
    xml-sitemap (1.3.3)
      builder (>= 2.0)

PLATFORMS
  ruby

DEPENDENCIES
  adsf
  builder
  bundler
  nanoc
  unicorn
  xml-sitemap

===== LOAD PATHS:

  0. /home/debian/.rvm/gems/ruby-2.2.0/gems/nanoc-3.6.7/lib
  1. /home/debian/.rvm/gems/ruby-2.2.0/gems/xml-sitemap-1.3.3/lib
  2. /home/debian/.rvm/gems/ruby-2.2.0/gems/unicorn-4.8.3/lib
  3. /home/debian/.rvm/gems/ruby-2.2.0/extensions/x86_64-linux/2.2.0/unicorn-4.8.3
  4. /home/debian/.rvm/gems/ruby-2.2.0/gems/raindrops-0.13.0/lib
  5. /home/debian/.rvm/gems/ruby-2.2.0/extensions/x86_64-linux/2.2.0/raindrops-0.13.0
  6. /home/debian/.rvm/gems/ruby-2.2.0/gems/nanoc-3.6.7/lib
  7. /home/debian/.rvm/gems/ruby-2.2.0/gems/kgio-2.9.2/lib
  8. /home/debian/.rvm/gems/ruby-2.2.0/extensions/x86_64-linux/2.2.0/kgio-2.9.2
  9. /home/debian/.rvm/gems/ruby-2.2.0/gems/cri-2.5.0/lib
  10. /home/debian/.rvm/gems/ruby-2.2.0/gems/colored-1.2/lib
  11. /home/debian/.rvm/gems/ruby-2.2.0/gems/builder-3.2.2/lib
  12. /home/debian/.rvm/gems/ruby-2.2.0/gems/adsf-1.2.0/lib
  13. /home/debian/.rvm/gems/ruby-2.2.0/gems/rack-1.5.2/lib
  14. /home/debian/.rvm/gems/ruby-2.2.0/gems/bundler-1.7.2/lib
  15. /home/debian/.rvm/rubies/ruby-2.2.0/lib/ruby/site_ruby/2.2.0
  16. /home/debian/.rvm/rubies/ruby-2.2.0/lib/ruby/site_ruby/2.2.0/x86_64-linux
  17. /home/debian/.rvm/rubies/ruby-2.2.0/lib/ruby/site_ruby
  18. /home/debian/.rvm/rubies/ruby-2.2.0/lib/ruby/vendor_ruby/2.2.0
  19. /home/debian/.rvm/rubies/ruby-2.2.0/lib/ruby/vendor_ruby/2.2.0/x86_64-linux
  20. /home/debian/.rvm/rubies/ruby-2.2.0/lib/ruby/vendor_ruby
  21. /home/debian/.rvm/rubies/ruby-2.2.0/lib/ruby/2.2.0
  22. /home/debian/.rvm/rubies/ruby-2.2.0/lib/ruby/2.2.0/x86_64-linux
